Build started 20.01.2014 2:26:06.
     1>Project "B:\Lisa\A-71\ИТ, Технология программирования\C++\code C++\OpenGL\Shape1\Shape1\Shape1.vcxproj" on node 2 (Build target(s)).
     1>ClCompile:
         B:\Program Files\Microsoft Visual Studio 11.0\VC\bin\CL.exe /c /ZI /nologo /W3 /WX- /sdl /Od /Oy- /D WIN32 /D _DEBUG /D _CONSOLE /D _UNICODE /D UNICODE /Gm /EHsc /RTC1 /MDd /GS /fp:precise /Zc:wchar_t /Zc:forScope /Yu"stdafx.h" /Fp"Debug\Grid.pch" /Fo"Debug\\" /Fd"Debug\vc110.pdb" /Gd /TP /analyze- /errorReport:prompt Shape1.cpp funx.cpp
         funx.cpp
     1>b:\lisa\a-71\ит, технология программирования\c++\code c++\opengl\shape1\shape1\funx.cpp(1): warning C4627: '#include "funx.h"': skipped when looking for precompiled header use
                 Add directive to 'stdafx.h' or rebuild precompiled header
     1>b:\lisa\a-71\ит, технология программирования\c++\code c++\opengl\shape1\shape1\funx.cpp(2): warning C4627: '#include "vars.h"': skipped when looking for precompiled header use
                 Add directive to 'stdafx.h' or rebuild precompiled header
     1>b:\lisa\a-71\ит, технология программирования\c++\code c++\opengl\shape1\shape1\funx.cpp(23): fatal error C1010: unexpected end of file while looking for precompiled header. Did you forget to add '#include "stdafx.h"' to your source?
         Shape1.cpp
         Generating Code...
     1>Done Building Project "B:\Lisa\A-71\ИТ, Технология программирования\C++\code C++\OpenGL\Shape1\Shape1\Shape1.vcxproj" (Build target(s)) -- FAILED.

Build FAILED.

Time Elapsed 00:00:01.92
